<?xml version="1.0" encoding="UTF-8"?>
<testsuite xmlns:xsi="http://www.w3.org/2001/XMLSchema-instance" xsi:noNamespaceSchemaLocation="https://maven.apache.org/surefire/maven-surefire-plugin/xsd/surefire-test-report.xsd" version="3.0.2" name="com.thecolorapi.client.ColorApiClientTest" time="0.276" tests="12" errors="0" skipped="0" failures="0">
  <properties>
[...]
</properties>
  <testcase name="identifyByCmykHelperBuildsExpectedUri" classname="com.thecolorapi.client.ColorApiClientTest" time="0.03"/>
  <testcase name="schemeUriIncludesModeAndCount" classname="com.thecolorapi.client.ColorApiClientTest" time="0.002"/>
  <testcase name="identifyByHexHelperBuildsExpectedUri" classname="com.thecolorapi.client.ColorApiClientTest" time="0.001"/>
  <testcase name="colorBoxUriIncludesOptionalParams" classname="com.thecolorapi.client.ColorApiClientTest" time="0.001"/>
  <testcase name="schemeByHexHelperBuildsExpectedUri" classname="com.thecolorapi.client.ColorApiClientTest" time="0.002"/>
  <testcase name="schemeRejectsInvalidCount" classname="com.thecolorapi.client.ColorApiClientTest" time="0.001"/>
  <testcase name="identifyByHsvHelperBuildsExpectedUri" classname="com.thecolorapi.client.ColorApiClientTest" time="0.001"/>
  <testcase name="randomUriMatchesApiRoute" classname="com.thecolorapi.client.ColorApiClientTest" time="0.001"/>
  <testcase name="identifyByHslHelperBuildsExpectedUri" classname="com.thecolorapi.client.ColorApiClientTest" time="0.001"/>
  <testcase name="identifyByRgbHelperBuildsExpectedUri" classname="com.thecolorapi.client.ColorApiClientTest" time="0.001"/>
  <testcase name="colorQueryRejectsBlankHex" classname="com.thecolorapi.client.ColorApiClientTest" time="0.001"/>
  <testcase name="identifyBuildsIdUriWithHex" classname="com.thecolorapi.client.ColorApiClientTest" time="0.001"/>
</testsuite>